<?xml version="1.0" encoding="UTF-8"?>
<testsuite xmlns:xsi="http://www.w3.org/2001/XMLSchema-instance" xsi:noNamespaceSchemaLocation="https://maven.apache.org/surefire/maven-surefire-plugin/xsd/surefire-test-report-3.0.xsd" version="3.0" name="com.adrelevance.engine.ConversationalAdRelevanceEngineTest" time="0.553" tests="6" errors="0" skipped="0" failures="0">
  <properties>
    <property name="java.specification.version" value="24"/>
    <property name="sun.jnu.encoding" value="UTF-8"/>
    <property name="java.class.path" value="/Users/manikamonga/Desktop/ConversationalAdRelevanceEngine/target/test-classes:/Users/manikamonga/Desktop/ConversationalAdRelevanceEngine/target/classes:/Users/manikamonga/.m2/repository/com/fasterxml/jackson/core/jackson-databind/2.15.2/jackson-databind-2.15.2.jar:/Users/manikamonga/.m2/repository/com/fasterxml/jackson/core/jackson-annotations/2.15.2/jackson-annotations-2.15.2.jar:/Users/manikamonga/.m2/repository/com/fasterxml/jackson/core/jackson-core/2.15.2/jackson-core-2.15.2.jar:/Users/manikamonga/.m2/repository/org/slf4j/slf4j-api/1.7.36/slf4j-api-1.7.36.jar:/Users/manikamonga/.m2/repository/ch/qos/logback/logback-classic/1.2.12/logback-classic-1.2.12.jar:/Users/manikamonga/.m2/repository/ch/qos/logback/logback-core/1.2.12/logback-core-1.2.12.jar:/Users/manikamonga/.m2/repository/junit/junit/4.13.2/junit-4.13.2.jar:/Users/manikamonga/.m2/repository/org/hamcrest/hamcrest-core/1.3/hamcrest-core-1.3.jar:/Users/manikamonga/.m2/repository/org/apache/commons/commons-lang3/3.12.0/commons-lang3-3.12.0.jar:/Users/manikamonga/.m2/repository/com/google/guava/guava/31.1-jre/guava-31.1-jre.jar:/Users/manikamonga/.m2/repository/com/google/guava/failureaccess/1.0.1/failureaccess-1.0.1.jar:/Users/manikamonga/.m2/repository/com/google/guava/listenablefuture/9999.0-empty-to-avoid-conflict-with-guava/listenablefuture-9999.0-empty-to-avoid-conflict-with-guava.jar:/Users/manikamonga/.m2/repository/com/google/code/findbugs/jsr305/3.0.2/jsr305-3.0.2.jar:/Users/manikamonga/.m2/repository/org/checkerframework/checker-qual/3.12.0/checker-qual-3.12.0.jar:/Users/manikamonga/.m2/repository/com/google/errorprone/error_prone_annotations/2.11.0/error_prone_annotations-2.11.0.jar:/Users/manikamonga/.m2/repository/com/google/j2objc/j2objc-annotations/1.3/j2objc-annotations-1.3.jar:"/>
    <property name="java.vm.vendor" value="Homebrew"/>
    <property name="sun.arch.data.model" value="64"/>
    <property name="java.vendor.url" value="https://github.com/Homebrew/homebrew-core/issues"/>
    <property name="os.name" value="Mac OS X"/>
    <property name="java.vm.specification.version" value="24"/>
    <property name="sun.java.launcher" value="SUN_STANDARD"/>
    <property name="user.country" value="US"/>
    <property name="sun.boot.library.path" value="/usr/local/Cellar/openjdk/24.0.2/libexec/openjdk.jdk/Contents/Home/lib"/>
    <property name="sun.java.command" value="/Users/manikamonga/Desktop/ConversationalAdRelevanceEngine/target/surefire/surefirebooter-20250811181543215_3.jar /Users/manikamonga/Desktop/ConversationalAdRelevanceEngine/target/surefire 2025-08-11T18-15-43_104-jvmRun1 surefire-20250811181543215_1tmp surefire_0-20250811181543215_2tmp"/>
    <property name="http.nonProxyHosts" value="local|*.local|169.254/16|*.169.254/16"/>
    <property name="jdk.debug" value="release"/>
    <property name="test" value="ConversationalAdRelevanceEngineTest"/>
    <property name="surefire.test.class.path" value="/Users/manikamonga/Desktop/ConversationalAdRelevanceEngine/target/test-classes:/Users/manikamonga/Desktop/ConversationalAdRelevanceEngine/target/classes:/Users/manikamonga/.m2/repository/com/fasterxml/jackson/core/jackson-databind/2.15.2/jackson-databind-2.15.2.jar:/Users/manikamonga/.m2/repository/com/fasterxml/jackson/core/jackson-annotations/2.15.2/jackson-annotations-2.15.2.jar:/Users/manikamonga/.m2/repository/com/fasterxml/jackson/core/jackson-core/2.15.2/jackson-core-2.15.2.jar:/Users/manikamonga/.m2/repository/org/slf4j/slf4j-api/1.7.36/slf4j-api-1.7.36.jar:/Users/manikamonga/.m2/repository/ch/qos/logback/logback-classic/1.2.12/logback-classic-1.2.12.jar:/Users/manikamonga/.m2/repository/ch/qos/logback/logback-core/1.2.12/logback-core-1.2.12.jar:/Users/manikamonga/.m2/repository/junit/junit/4.13.2/junit-4.13.2.jar:/Users/manikamonga/.m2/repository/org/hamcrest/hamcrest-core/1.3/hamcrest-core-1.3.jar:/Users/manikamonga/.m2/repository/org/apache/commons/commons-lang3/3.12.0/commons-lang3-3.12.0.jar:/Users/manikamonga/.m2/repository/com/google/guava/guava/31.1-jre/guava-31.1-jre.jar:/Users/manikamonga/.m2/repository/com/google/guava/failureaccess/1.0.1/failureaccess-1.0.1.jar:/Users/manikamonga/.m2/repository/com/google/guava/listenablefuture/9999.0-empty-to-avoid-conflict-with-guava/listenablefuture-9999.0-empty-to-avoid-conflict-with-guava.jar:/Users/manikamonga/.m2/repository/com/google/code/findbugs/jsr305/3.0.2/jsr305-3.0.2.jar:/Users/manikamonga/.m2/repository/org/checkerframework/checker-qual/3.12.0/checker-qual-3.12.0.jar:/Users/manikamonga/.m2/repository/com/google/errorprone/error_prone_annotations/2.11.0/error_prone_annotations-2.11.0.jar:/Users/manikamonga/.m2/repository/com/google/j2objc/j2objc-annotations/1.3/j2objc-annotations-1.3.jar:"/>
    <property name="sun.cpu.endian" value="little"/>
    <property name="user.home" value="/Users/manikamonga"/>
    <property name="user.language" value="en"/>
    <property name="java.specification.vendor" value="Oracle Corporation"/>
    <property name="java.version.date" value="2025-07-15"/>
    <property name="java.home" value="/usr/local/Cellar/openjdk/24.0.2/libexec/openjdk.jdk/Contents/Home"/>
    <property name="file.separator" value="/"/>
    <property name="basedir" value="/Users/manikamonga/Desktop/ConversationalAdRelevanceEngine"/>
    <property name="java.vm.compressedOopsMode" value="Zero based"/>
    <property name="line.separator" value="&#10;"/>
    <property name="java.vm.specification.vendor" value="Oracle Corporation"/>
    <property name="java.specification.name" value="Java Platform API Specification"/>
    <property name="apple.awt.application.name" value="ForkedBooter"/>
    <property name="surefire.real.class.path" value="/Users/manikamonga/Desktop/ConversationalAdRelevanceEngine/target/surefire/surefirebooter-20250811181543215_3.jar"/>
    <property name="sun.management.compiler" value="HotSpot 64-Bit Tiered Compilers"/>
    <property name="ftp.nonProxyHosts" value="local|*.local|169.254/16|*.169.254/16"/>
    <property name="java.runtime.version" value="24.0.2"/>
    <property name="user.name" value="manikamonga"/>
    <property name="stdout.encoding" value="UTF-8"/>
    <property name="path.separator" value=":"/>
    <property name="os.version" value="13.4.1"/>
    <property name="java.runtime.name" value="OpenJDK Runtime Environment"/>
    <property name="file.encoding" value="UTF-8"/>
    <property name="java.vm.name" value="OpenJDK 64-Bit Server VM"/>
    <property name="java.vendor.version" value="Homebrew"/>
    <property name="localRepository" value="/Users/manikamonga/.m2/repository"/>
    <property name="java.vendor.url.bug" value="https://github.com/Homebrew/homebrew-core/issues"/>
    <property name="java.io.tmpdir" value="/var/folders/lz/j0jk22bn5d9dlkk9tbgcq49c0000gn/T/"/>
    <property name="java.version" value="24.0.2"/>
    <property name="user.dir" value="/Users/manikamonga/Desktop/ConversationalAdRelevanceEngine"/>
    <property name="os.arch" value="x86_64"/>
    <property name="java.vm.specification.name" value="Java Virtual Machine Specification"/>
    <property name="native.encoding" value="UTF-8"/>
    <property name="java.library.path" value="/Users/manikamonga/Library/Java/Extensions:/Library/Java/Extensions:/Network/Library/Java/Extensions:/System/Library/Java/Extensions:/usr/lib/java:."/>
    <property name="java.vm.info" value="mixed mode, sharing"/>
    <property name="stderr.encoding" value="UTF-8"/>
    <property name="java.vendor" value="Homebrew"/>
    <property name="java.vm.version" value="24.0.2"/>
    <property name="sun.io.unicode.encoding" value="UnicodeBig"/>
    <property name="socksNonProxyHosts" value="local|*.local|169.254/16|*.169.254/16"/>
    <property name="java.class.version" value="68.0"/>
  </properties>
  <testcase name="testBasicMessageProcessing" classname="com.adrelevance.engine.ConversationalAdRelevanceEngineTest" time="0.407">
    <system-out><![CDATA[18:15:44.126 [main] INFO  c.a.engine.AdMatchingEngine - Initialized ad inventory with 6 ads
18:15:44.132 [main] INFO  c.a.engine.ConversationManager - Created new user state: test_user
18:15:44.134 [main] INFO  c.a.e.ConversationalAdRelevanceEngine - Updated user preferences for user test_user: interests=[technology, fashion], blocked=[gambling]
18:15:44.135 [main] DEBUG c.a.e.ConversationalAdRelevanceEngine - Processing message for conversation test_conv: I need a new smartphone
18:15:44.153 [main] INFO  c.a.engine.ConversationManager - Created new conversation context: test_conv
18:15:44.161 [main] INFO  c.adrelevance.engine.ContextAnalyzer - Context analysis completed for conversation test_conv: mood=EXCITED, intents=[technology]
18:15:44.167 [main] INFO  c.a.engine.AdMatchingEngine - Found 1 relevant ads for conversation test_conv
18:15:44.168 [main] INFO  c.a.e.ConversationalAdRelevanceEngine - Generated ad suggestion for conversation test_conv: Latest Smartphone (score: 0.8400000000000001) in 33ms
]]></system-out>
  </testcase>
  <testcase name="testAnalytics" classname="com.adrelevance.engine.ConversationalAdRelevanceEngineTest" time="0.001">
    <system-out><![CDATA[18:15:44.169 [main] INFO  c.a.engine.AdMatchingEngine - Initialized ad inventory with 6 ads
18:15:44.170 [main] INFO  c.a.engine.ConversationManager - Created new user state: analytics_user
18:15:44.171 [main] INFO  c.a.e.ConversationalAdRelevanceEngine - Updated user preferences for user analytics_user: interests=[technology], blocked=[]
18:15:44.171 [main] DEBUG c.a.e.ConversationalAdRelevanceEngine - Processing message for conversation analytics_conv: I need a smartphone
18:15:44.171 [main] INFO  c.a.engine.ConversationManager - Created new conversation context: analytics_conv
18:15:44.172 [main] INFO  c.adrelevance.engine.ContextAnalyzer - Context analysis completed for conversation analytics_conv: mood=EXCITED, intents=[technology]
18:15:44.172 [main] INFO  c.a.engine.AdMatchingEngine - Found 1 relevant ads for conversation analytics_conv
18:15:44.173 [main] INFO  c.a.e.ConversationalAdRelevanceEngine - Generated ad suggestion for conversation analytics_conv: Latest Smartphone (score: 0.8400000000000001) in 2ms
18:15:44.173 [main] DEBUG c.a.e.ConversationalAdRelevanceEngine - Processing message for conversation analytics_conv: I'm excited about new tech
18:15:44.174 [main] INFO  c.adrelevance.engine.ContextAnalyzer - Context analysis completed for conversation analytics_conv: mood=EXCITED, intents=[technology]
18:15:44.175 [main] INFO  c.a.engine.AdMatchingEngine - Found 1 relevant ads for conversation analytics_conv
18:15:44.176 [main] INFO  c.a.e.ConversationalAdRelevanceEngine - Generated ad suggestion for conversation analytics_conv: Latest Smartphone (score: 0.8400000000000001) in 3ms
]]></system-out>
  </testcase>
  <testcase name="testEngineStats" classname="com.adrelevance.engine.ConversationalAdRelevanceEngineTest" time="0.002">
    <system-out><![CDATA[18:15:44.177 [main] INFO  c.a.engine.AdMatchingEngine - Initialized ad inventory with 6 ads
18:15:44.179 [main] INFO  c.a.engine.ConversationManager - Created new user state: stats_user
18:15:44.179 [main] INFO  c.a.e.ConversationalAdRelevanceEngine - Updated user preferences for user stats_user: interests=[technology], blocked=[]
18:15:44.179 [main] DEBUG c.a.e.ConversationalAdRelevanceEngine - Processing message for conversation stats_conv1: I need a phone
18:15:44.179 [main] INFO  c.a.engine.ConversationManager - Created new conversation context: stats_conv1
18:15:44.180 [main] INFO  c.adrelevance.engine.ContextAnalyzer - Context analysis completed for conversation stats_conv1: mood=EXCITED, intents=[technology]
18:15:44.180 [main] INFO  c.a.engine.AdMatchingEngine - Found 1 relevant ads for conversation stats_conv1
18:15:44.180 [main] INFO  c.a.e.ConversationalAdRelevanceEngine - Generated ad suggestion for conversation stats_conv1: Latest Smartphone (score: 0.8400000000000001) in 1ms
18:15:44.180 [main] DEBUG c.a.e.ConversationalAdRelevanceEngine - Processing message for conversation stats_conv2: I love technology
18:15:44.181 [main] INFO  c.a.engine.ConversationManager - Created new conversation context: stats_conv2
18:15:44.181 [main] INFO  c.adrelevance.engine.ContextAnalyzer - Context analysis completed for conversation stats_conv2: mood=POSITIVE, intents=[technology]
18:15:44.181 [main] INFO  c.a.engine.AdMatchingEngine - Found 0 relevant ads for conversation stats_conv2
18:15:44.181 [main] DEBUG c.a.e.ConversationalAdRelevanceEngine - No relevant ads found for conversation stats_conv2
]]></system-out>
  </testcase>
  <testcase name="testAdResponseProcessing" classname="com.adrelevance.engine.ConversationalAdRelevanceEngineTest" time="0.014">
    <system-out><![CDATA[18:15:44.182 [main] INFO  c.a.engine.AdMatchingEngine - Initialized ad inventory with 6 ads
18:15:44.182 [main] INFO  c.a.engine.ConversationManager - Created new user state: test_user
18:15:44.182 [main] INFO  c.a.e.ConversationalAdRelevanceEngine - Updated user preferences for user test_user: interests=[technology], blocked=[]
18:15:44.182 [main] DEBUG c.a.e.ConversationalAdRelevanceEngine - Processing message for conversation test_conv: I need a new phone
18:15:44.182 [main] INFO  c.a.engine.ConversationManager - Created new conversation context: test_conv
18:15:44.183 [main] INFO  c.adrelevance.engine.ContextAnalyzer - Context analysis completed for conversation test_conv: mood=EXCITED, intents=[technology]
18:15:44.183 [main] INFO  c.a.engine.AdMatchingEngine - Found 1 relevant ads for conversation test_conv
18:15:44.183 [main] INFO  c.a.e.ConversationalAdRelevanceEngine - Generated ad suggestion for conversation test_conv: Latest Smartphone (score: 0.8400000000000001) in 1ms
18:15:44.183 [main] DEBUG c.a.e.ConversationalAdRelevanceEngine - Processing ad response for conversation test_conv: Yes, that looks great!
18:15:44.183 [main] INFO  c.a.engine.AdMatchingEngine - Found 1 relevant ads for conversation test_conv
18:15:44.189 [main] DEBUG c.a.e.ConversationalAdRelevanceEngine - Processed ad response in 6ms
18:15:44.195 [main] DEBUG c.a.e.ConversationalAdRelevanceEngine - Processing ad response for conversation test_conv: No, not interested
18:15:44.196 [main] INFO  c.a.engine.AdMatchingEngine - Found 1 relevant ads for conversation test_conv
18:15:44.196 [main] DEBUG c.a.e.ConversationalAdRelevanceEngine - Processed ad response in 1ms
]]></system-out>
  </testcase>
  <testcase name="testFashionConversation" classname="com.adrelevance.engine.ConversationalAdRelevanceEngineTest" time="0.008">
    <system-out><![CDATA[18:15:44.197 [main] INFO  c.a.engine.AdMatchingEngine - Initialized ad inventory with 6 ads
18:15:44.199 [main] INFO  c.a.engine.ConversationManager - Created new user state: fashion_user
18:15:44.201 [main] INFO  c.a.e.ConversationalAdRelevanceEngine - Updated user preferences for user fashion_user: interests=[fashion, style], blocked=[]
18:15:44.201 [main] DEBUG c.a.e.ConversationalAdRelevanceEngine - Processing message for conversation fashion_conv: I'm looking for summer clothes
18:15:44.202 [main] INFO  c.a.engine.ConversationManager - Created new conversation context: fashion_conv
18:15:44.203 [main] INFO  c.adrelevance.engine.ContextAnalyzer - Context analysis completed for conversation fashion_conv: mood=EXCITED, intents=[]
18:15:44.203 [main] INFO  c.a.engine.AdMatchingEngine - Found 1 relevant ads for conversation fashion_conv
18:15:44.204 [main] INFO  c.a.e.ConversationalAdRelevanceEngine - Generated ad suggestion for conversation fashion_conv: Summer Collection (score: 0.6000000000000001) in 3ms
18:15:44.204 [main] DEBUG c.a.e.ConversationalAdRelevanceEngine - Processing message for conversation fashion_conv: I love trendy styles
18:15:44.205 [main] INFO  c.adrelevance.engine.ContextAnalyzer - Context analysis completed for conversation fashion_conv: mood=POSITIVE, intents=[]
18:15:44.205 [main] INFO  c.a.engine.AdMatchingEngine - Found 1 relevant ads for conversation fashion_conv
18:15:44.205 [main] INFO  c.a.e.ConversationalAdRelevanceEngine - Generated ad suggestion for conversation fashion_conv: Summer Collection (score: 0.9900000000000001) in 1ms
]]></system-out>
  </testcase>
  <testcase name="testTravelConversation" classname="com.adrelevance.engine.ConversationalAdRelevanceEngineTest" time="0.007">
    <system-out><![CDATA[18:15:44.206 [main] INFO  c.a.engine.AdMatchingEngine - Initialized ad inventory with 6 ads
18:15:44.209 [main] INFO  c.a.engine.ConversationManager - Created new user state: travel_user
18:15:44.211 [main] INFO  c.a.e.ConversationalAdRelevanceEngine - Updated user preferences for user travel_user: interests=[travel, vacation], blocked=[]
18:15:44.211 [main] DEBUG c.a.e.ConversationalAdRelevanceEngine - Processing message for conversation travel_conv: I'm planning a vacation to somewhere amazing
18:15:44.211 [main] INFO  c.a.engine.ConversationManager - Created new conversation context: travel_conv
18:15:44.211 [main] INFO  c.adrelevance.engine.ContextAnalyzer - Context analysis completed for conversation travel_conv: mood=POSITIVE, intents=[travel]
18:15:44.212 [main] INFO  c.a.engine.AdMatchingEngine - Found 1 relevant ads for conversation travel_conv
18:15:44.212 [main] INFO  c.a.e.ConversationalAdRelevanceEngine - Generated ad suggestion for conversation travel_conv: Dream Vacation (score: 0.4) in 1ms
]]></system-out>
  </testcase>
</testsuite>